android/app/build/intermediates/manifest_merge_blame_file/release/manifest-merger-blame-release-report.txt
1<?xml version="1.0" encoding="utf-8"?>
2<manifest xmlns:android="http://schemas.android.com/apk/res/android"
3    package="com.hesabemerchant"
4    android:versionCode="13"
5    android:versionName="10.0.1" >
6
7    <uses-sdk
8        android:minSdkVersion="23"
8-->src/main/AndroidManifest.xml
9        android:targetSdkVersion="30" />
9-->src/main/AndroidManifest.xml
10
11    <uses-permission android:name="android.permission.INTERNET" />
11-->src/main/AndroidManifest.xml:4:5-67
11-->src/main/AndroidManifest.xml:4:22-64
12    <uses-permission android:name="android.permission.WRITE_CONTACTS" />
12-->src/main/AndroidManifest.xml:5:5-72
12-->src/main/AndroidManifest.xml:5:22-70
13    <uses-permission android:name="android.permission.READ_CONTACTS" />
13-->src/main/AndroidManifest.xml:6:5-71
13-->src/main/AndroidManifest.xml:6:22-69
14    <uses-permission android:name="android.permission.WRITE_EXTERNAL_STORAGE" />
14-->src/main/AndroidManifest.xml:7:5-80
14-->src/main/AndroidManifest.xml:7:22-78
15    <uses-permission android:name="android.permission.READ_EXTERNAL_STORAGE" />
15-->src/main/AndroidManifest.xml:8:5-79
15-->src/main/AndroidManifest.xml:8:22-77
16    <uses-permission android:name="android.permission.ACCESS_NETWORK_STATE" />
16-->src/main/AndroidManifest.xml:9:5-78
16-->src/main/AndroidManifest.xml:9:22-76
17    <uses-permission android:name="android.permission.DOWNLOAD_WITHOUT_NOTIFICATION" />
17-->src/main/AndroidManifest.xml:10:5-88
17-->src/main/AndroidManifest.xml:10:22-85
18    <uses-permission android:name="android.permission.CAMERA" />
18-->src/main/AndroidManifest.xml:11:5-65
18-->src/main/AndroidManifest.xml:11:22-62
19    <uses-permission android:name="android.permission.QUERY_ALL_PACKAGES" />
19-->src/main/AndroidManifest.xml:12:5-76
19-->src/main/AndroidManifest.xml:12:22-74
20    <uses-permission android:name="android.permission.USE_BIOMETRIC" />
20-->src/main/AndroidManifest.xml:13:5-72
20-->src/main/AndroidManifest.xml:13:22-69
21    <uses-permission android:name="android.permission.USE_FINGERPRINT" />
21-->src/main/AndroidManifest.xml:14:5-74
21-->src/main/AndroidManifest.xml:14:22-71
22    <uses-permission android:name="android.permission.ACCESS_WIFI_STATE" /> <!-- Required to access Google Play Licensing -->
22-->[:@react-native-community_netinfo] AndroidManifest.xml:10:5-76
22-->[:@react-native-community_netinfo] AndroidManifest.xml:10:22-73
23    <uses-permission android:name="com.android.vending.CHECK_LICENSE" />
23-->[:rn-fetch-blob] AndroidManifest.xml:12:5-73
23-->[:rn-fetch-blob] AndroidManifest.xml:12:22-70
24    <!--
25         Required to keep CPU alive while downloading files
26        (NOT to keep screen awake)
27    -->
28    <uses-permission android:name="android.permission.WAKE_LOCK" /> <!-- Create a unique permission for your app and use it so only your app can receive your OneSignal messages. -->
28-->[:rn-fetch-blob] AndroidManifest.xml:21:5-68
28-->[:rn-fetch-blob] AndroidManifest.xml:21:22-65
29    <permission
29-->[com.onesignal:OneSignal:4.6.7] AndroidManifest.xml:7:5-9:47
30        android:name="com.hesabemerchant.permission.C2D_MESSAGE"
30-->[com.onesignal:OneSignal:4.6.7] AndroidManifest.xml:8:9-63
31        android:protectionLevel="signature" />
31-->[com.onesignal:OneSignal:4.6.7] AndroidManifest.xml:9:9-44
32
33    <uses-permission android:name="com.hesabemerchant.permission.C2D_MESSAGE" /> <!-- c2dm RECEIVE are basic requirements for push messages through Google's FCM -->
33-->[com.onesignal:OneSignal:4.6.7] AndroidManifest.xml:11:5-79
33-->[com.onesignal:OneSignal:4.6.7] AndroidManifest.xml:11:22-76
34    <uses-permission android:name="com.google.android.c2dm.permission.RECEIVE" />
34-->[com.onesignal:OneSignal:4.6.7] AndroidManifest.xml:17:5-82
34-->[com.onesignal:OneSignal:4.6.7] AndroidManifest.xml:17:22-79
35    <!--
36 Required so the device vibrates on receiving a push notification.
37         Vibration settings of the device still apply.
38    -->
39    <uses-permission android:name="android.permission.VIBRATE" />
39-->[com.onesignal:OneSignal:4.6.7] AndroidManifest.xml:23:5-66
39-->[com.onesignal:OneSignal:4.6.7] AndroidManifest.xml:23:22-63
40    <!--
41 Use to restore notifications the user hasn't interacted with.
42         They could be missed notifications if the user reboots their device if this isn't in place.
43    -->
44    <uses-permission android:name="android.permission.RECEIVE_BOOT_COMPLETED" /> <!-- START: ShortcutBadger -->
44-->[com.onesignal:OneSignal:4.6.7] AndroidManifest.xml:29:5-81
44-->[com.onesignal:OneSignal:4.6.7] AndroidManifest.xml:29:22-78
45    <!-- Samsung -->
46    <uses-permission android:name="com.sec.android.provider.badge.permission.READ" />
46-->[com.onesignal:OneSignal:4.6.7] AndroidManifest.xml:31:5-86
46-->[com.onesignal:OneSignal:4.6.7] AndroidManifest.xml:31:22-83
47    <uses-permission android:name="com.sec.android.provider.badge.permission.WRITE" /> <!-- HTC -->
47-->[com.onesignal:OneSignal:4.6.7] AndroidManifest.xml:32:5-87
47-->[com.onesignal:OneSignal:4.6.7] AndroidManifest.xml:32:22-84
48    <uses-permission android:name="com.htc.launcher.permission.READ_SETTINGS" />
48-->[com.onesignal:OneSignal:4.6.7] AndroidManifest.xml:33:5-81
48-->[com.onesignal:OneSignal:4.6.7] AndroidManifest.xml:33:22-78
49    <uses-permission android:name="com.htc.launcher.permission.UPDATE_SHORTCUT" /> <!-- Sony -->
49-->[com.onesignal:OneSignal:4.6.7] AndroidManifest.xml:34:5-83
49-->[com.onesignal:OneSignal:4.6.7] AndroidManifest.xml:34:22-80
50    <uses-permission android:name="com.sonyericsson.home.permission.BROADCAST_BADGE" />
50-->[com.onesignal:OneSignal:4.6.7] AndroidManifest.xml:35:5-88
50-->[com.onesignal:OneSignal:4.6.7] AndroidManifest.xml:35:22-85
51    <uses-permission android:name="com.sonymobile.home.permission.PROVIDER_INSERT_BADGE" /> <!-- Apex -->
51-->[com.onesignal:OneSignal:4.6.7] AndroidManifest.xml:36:5-92
51-->[com.onesignal:OneSignal:4.6.7] AndroidManifest.xml:36:22-89
52    <uses-permission android:name="com.anddoes.launcher.permission.UPDATE_COUNT" /> <!-- Solid -->
52-->[com.onesignal:OneSignal:4.6.7] AndroidManifest.xml:37:5-84
52-->[com.onesignal:OneSignal:4.6.7] AndroidManifest.xml:37:22-81
53    <uses-permission android:name="com.majeur.launcher.permission.UPDATE_BADGE" /> <!-- Huawei -->
53-->[com.onesignal:OneSignal:4.6.7] AndroidManifest.xml:38:5-83
53-->[com.onesignal:OneSignal:4.6.7] AndroidManifest.xml:38:22-80
54    <uses-permission android:name="com.huawei.android.launcher.permission.CHANGE_BADGE" />
54-->[com.onesignal:OneSignal:4.6.7] AndroidManifest.xml:39:5-91
54-->[com.onesignal:OneSignal:4.6.7] AndroidManifest.xml:39:22-88
55    <uses-permission android:name="com.huawei.android.launcher.permission.READ_SETTINGS" />
55-->[com.onesignal:OneSignal:4.6.7] AndroidManifest.xml:40:5-92
55-->[com.onesignal:OneSignal:4.6.7] AndroidManifest.xml:40:22-89
56    <uses-permission android:name="com.huawei.android.launcher.permission.WRITE_SETTINGS" /> <!-- ZUK -->
56-->[com.onesignal:OneSignal:4.6.7] AndroidManifest.xml:41:5-93
56-->[com.onesignal:OneSignal:4.6.7] AndroidManifest.xml:41:22-90
57    <uses-permission android:name="android.permission.READ_APP_BADGE" /> <!-- OPPO -->
57-->[com.onesignal:OneSignal:4.6.7] AndroidManifest.xml:42:5-73
57-->[com.onesignal:OneSignal:4.6.7] AndroidManifest.xml:42:22-70
58    <uses-permission android:name="com.oppo.launcher.permission.READ_SETTINGS" />
58-->[com.onesignal:OneSignal:4.6.7] AndroidManifest.xml:43:5-82
58-->[com.onesignal:OneSignal:4.6.7] AndroidManifest.xml:43:22-79
59    <uses-permission android:name="com.oppo.launcher.permission.WRITE_SETTINGS" /> <!-- EvMe -->
59-->[com.onesignal:OneSignal:4.6.7] AndroidManifest.xml:44:5-83
59-->[com.onesignal:OneSignal:4.6.7] AndroidManifest.xml:44:22-80
60    <uses-permission android:name="me.everything.badger.permission.BADGE_COUNT_READ" />
60-->[com.onesignal:OneSignal:4.6.7] AndroidManifest.xml:45:5-88
60-->[com.onesignal:OneSignal:4.6.7] AndroidManifest.xml:45:22-85
61    <uses-permission android:name="me.everything.badger.permission.BADGE_COUNT_WRITE" /> <!-- Permission will be merged into the manifest of the hosting app. -->
61-->[com.onesignal:OneSignal:4.6.7] AndroidManifest.xml:46:5-89
61-->[com.onesignal:OneSignal:4.6.7] AndroidManifest.xml:46:22-86
62    <!-- Is required to launch foreground extraction service for targetSdkVersion 28+. -->
63    <uses-permission android:name="android.permission.FOREGROUND_SERVICE" />
63-->[com.google.android.play:core:1.10.0] AndroidManifest.xml:8:3-74
63-->[com.google.android.play:core:1.10.0] AndroidManifest.xml:8:20-72
64    <uses-permission android:name="com.google.android.finsky.permission.BIND_GET_INSTALL_REFERRER_SERVICE" /> <!-- Include required permissions for Advertising Id -->
64-->[com.google.android.gms:play-services-measurement:20.1.0] AndroidManifest.xml:26:5-110
64-->[com.google.android.gms:play-services-measurement:20.1.0] AndroidManifest.xml:26:22-107
65    <uses-permission android:name="com.google.android.gms.permission.AD_ID" />
65-->[com.google.android.gms:play-services-ads-identifier:18.0.0] AndroidManifest.xml:23:5-79
65-->[com.google.android.gms:play-services-ads-identifier:18.0.0] AndroidManifest.xml:23:22-76
66
67    <application
67-->src/main/AndroidManifest.xml:16:5-74:19
68        android:name="com.hesabemerchant.MainApplication"
68-->src/main/AndroidManifest.xml:17:7-38
69        android:allowBackup="false"
69-->src/main/AndroidManifest.xml:20:7-34
70        android:appComponentFactory="androidx.core.app.CoreComponentFactory"
70-->[androidx.core:core:1.3.2] AndroidManifest.xml:24:18-86
71        android:extractNativeLibs="false"
72        android:icon="@mipmap/ic_launcher"
72-->src/main/AndroidManifest.xml:19:7-41
73        android:label="@string/app_name"
73-->src/main/AndroidManifest.xml:18:7-39
74        android:requestLegacyExternalStorage="true"
74-->src/main/AndroidManifest.xml:25:9-52
75        android:supportsRtl="true"
75-->src/main/AndroidManifest.xml:24:9-35
76        android:theme="@style/AppTheme"
76-->src/main/AndroidManifest.xml:21:7-38
77        android:usesCleartextTraffic="true"
77-->src/main/AndroidManifest.xml:22:9-44
78        android:vmSafeMode="true" >
78-->src/main/AndroidManifest.xml:23:9-34
79        <meta-data
79-->src/main/AndroidManifest.xml:28:9-31:15
80            android:name="com.google.android.gms.vision.DEPENDENCIES"
80-->src/main/AndroidManifest.xml:29:13-70
81            android:value="face" />
81-->src/main/AndroidManifest.xml:30:13-33
82        <meta-data
82-->src/main/AndroidManifest.xml:33:9-34:79
83            android:name="com.onesignal.NotificationServiceExtension"
83-->src/main/AndroidManifest.xml:33:20-77
84            android:value="com.hesabemerchant.NotificationServiceExtension" />
84-->src/main/AndroidManifest.xml:34:13-76
85
86        <activity
86-->src/main/AndroidManifest.xml:37:7-58:18
87            android:name="com.hesabemerchant.MainActivity"
87-->src/main/AndroidManifest.xml:38:9-37
88            android:exported="true"
88-->src/main/AndroidManifest.xml:40:11-34
89            android:label="@string/app_name"
89-->src/main/AndroidManifest.xml:39:9-41
90            android:launchMode="singleTop" >
90-->src/main/AndroidManifest.xml:41:11-41
91            <intent-filter>
91-->src/main/AndroidManifest.xml:44:9-48:25
92                <action android:name="android.intent.action.MAIN" />
92-->src/main/AndroidManifest.xml:45:13-65
92-->src/main/AndroidManifest.xml:45:21-62
93
94                <category android:name="android.intent.category.LAUNCHER" />
94-->src/main/AndroidManifest.xml:46:13-73
94-->src/main/AndroidManifest.xml:46:23-70
95
96                <action android:name="android.intent.action.DOWNLOAD_COMPLETE" />
96-->src/main/AndroidManifest.xml:47:14-78
96-->src/main/AndroidManifest.xml:47:22-76
97            </intent-filter>
98            <intent-filter>
98-->src/main/AndroidManifest.xml:50:11-55:27
99                <action android:name="android.intent.action.VIEW" />
99-->src/main/AndroidManifest.xml:51:15-67
99-->src/main/AndroidManifest.xml:51:23-64
100
101                <category android:name="android.intent.category.DEFAULT" />
101-->src/main/AndroidManifest.xml:52:15-74
101-->src/main/AndroidManifest.xml:52:25-71
102                <category android:name="android.intent.category.BROWSABLE" />
102-->src/main/AndroidManifest.xml:53:15-76
102-->src/main/AndroidManifest.xml:53:25-73
103
104                <data android:scheme="hesabe" />
104-->src/main/AndroidManifest.xml:54:15-47
104-->src/main/AndroidManifest.xml:54:21-44
105            </intent-filter>
106        </activity>
107        <activity
107-->src/main/AndroidManifest.xml:60:9-61:51
108            android:name="com.hesabemerchant.WelcomeActivity"
108-->src/main/AndroidManifest.xml:60:19-50
109            android:screenOrientation="portrait" />
109-->src/main/AndroidManifest.xml:61:13-49
110        <activity
110-->src/main/AndroidManifest.xml:63:9-64:51
111            android:name="com.hesabemerchant.LoginActivity"
111-->src/main/AndroidManifest.xml:63:19-48
112            android:screenOrientation="portrait" />
112-->src/main/AndroidManifest.xml:64:13-49
113        <activity
113-->src/main/AndroidManifest.xml:66:9-67:51
114            android:name="com.hesabemerchant.Demo"
114-->src/main/AndroidManifest.xml:66:19-39
115            android:screenOrientation="portrait" />
115-->src/main/AndroidManifest.xml:67:13-49
116        <activity
116-->src/main/AndroidManifest.xml:69:9-71:57
117            android:name="com.hesabemerchant.SplashActivity"
117-->src/main/AndroidManifest.xml:69:19-49
118            android:configChanges="keyboard|keyboardHidden|orientation|screenSize|uiMode"
118-->src/main/AndroidManifest.xml:70:13-90
119            android:windowSoftInputMode="adjustResize" />
119-->src/main/AndroidManifest.xml:71:13-55
120        <activity android:name="com.facebook.react.devsupport.DevSettingsActivity" />
120-->src/main/AndroidManifest.xml:73:7-84
120-->src/main/AndroidManifest.xml:73:17-81
121        <!-- suppress AndroidDomInspection -->
122        <activity
122-->[:react-native-keychain] AndroidManifest.xml:17:9-20:67
123            android:name="androidx.biometric.DeviceCredentialHandlerActivity"
123-->[:react-native-keychain] AndroidManifest.xml:18:13-78
124            android:exported="true"
124-->[:react-native-keychain] AndroidManifest.xml:19:13-36
125            android:theme="@style/DeviceCredentialHandlerTheme" />
125-->[:react-native-keychain] AndroidManifest.xml:20:13-64
126
127        <provider
127-->[:react-native-image-picker] AndroidManifest.xml:10:9-18:20
128            android:name="com.imagepicker.FileProvider"
128-->[:react-native-image-picker] AndroidManifest.xml:11:13-56
129            android:authorities="com.hesabemerchant.provider"
129-->[:react-native-image-picker] AndroidManifest.xml:12:13-60
130            android:exported="false"
130-->[:react-native-image-picker] AndroidManifest.xml:13:13-37
131            android:grantUriPermissions="true" >
131-->[:react-native-image-picker] AndroidManifest.xml:14:13-47
132            <meta-data
132-->[:react-native-image-picker] AndroidManifest.xml:15:13-17:58
133                android:name="android.support.FILE_PROVIDER_PATHS"
133-->[:react-native-image-picker] AndroidManifest.xml:16:17-67
134                android:resource="@xml/provider_paths" />
134-->[:react-native-image-picker] AndroidManifest.xml:17:17-55
135        </provider>
136        <provider
136-->[:react-native-share] AndroidManifest.xml:10:9-18:20
137            android:name="cl.json.RNShareFileProvider"
137-->[:react-native-share] AndroidManifest.xml:11:13-55
138            android:authorities="com.hesabemerchant.rnshare.fileprovider"
138-->[:react-native-share] AndroidManifest.xml:12:13-72
139            android:exported="false"
139-->[:react-native-share] AndroidManifest.xml:13:13-37
140            android:grantUriPermissions="true" >
140-->[:react-native-share] AndroidManifest.xml:14:13-47
141            <meta-data
141-->[:react-native-image-picker] AndroidManifest.xml:15:13-17:58
142                android:name="android.support.FILE_PROVIDER_PATHS"
142-->[:react-native-image-picker] AndroidManifest.xml:16:17-67
143                android:resource="@xml/share_download_paths" />
143-->[:react-native-image-picker] AndroidManifest.xml:17:17-55
144        </provider>
145        <provider
145-->[:rn-fetch-blob] AndroidManifest.xml:36:9-44:20
146            android:name="com.RNFetchBlob.Utils.FileProvider"
146-->[:rn-fetch-blob] AndroidManifest.xml:37:13-62
147            android:authorities="com.hesabemerchant.provider"
147-->[:rn-fetch-blob] AndroidManifest.xml:38:13-60
148            android:exported="false"
148-->[:rn-fetch-blob] AndroidManifest.xml:39:13-37
149            android:grantUriPermissions="true" >
149-->[:rn-fetch-blob] AndroidManifest.xml:40:13-47
150            <meta-data
150-->[:react-native-image-picker] AndroidManifest.xml:15:13-17:58
151                android:name="android.support.FILE_PROVIDER_PATHS"
151-->[:react-native-image-picker] AndroidManifest.xml:16:17-67
152                android:resource="@xml/provider_paths" />
152-->[:react-native-image-picker] AndroidManifest.xml:17:17-55
153        </provider>
154
155        <receiver
155-->[com.onesignal:OneSignal:4.6.7] AndroidManifest.xml:49:9-60:20
156            android:name="com.onesignal.FCMBroadcastReceiver"
156-->[com.onesignal:OneSignal:4.6.7] AndroidManifest.xml:50:13-62
157            android:exported="true"
157-->[com.onesignal:OneSignal:4.6.7] AndroidManifest.xml:51:13-36
158            android:permission="com.google.android.c2dm.permission.SEND" >
158-->[com.onesignal:OneSignal:4.6.7] AndroidManifest.xml:52:13-73
159
160            <!-- High priority so OneSignal payloads can be filtered from other FCM receivers -->
161            <intent-filter android:priority="999" >
161-->[com.onesignal:OneSignal:4.6.7] AndroidManifest.xml:55:13-59:29
161-->[com.onesignal:OneSignal:4.6.7] AndroidManifest.xml:55:28-50
162                <action android:name="com.google.android.c2dm.intent.RECEIVE" />
162-->[com.onesignal:OneSignal:4.6.7] AndroidManifest.xml:56:17-81
162-->[com.onesignal:OneSignal:4.6.7] AndroidManifest.xml:56:25-78
163
164                <category android:name="com.hesabemerchant" />
164-->[com.onesignal:OneSignal:4.6.7] AndroidManifest.xml:58:17-61
164-->[com.onesignal:OneSignal:4.6.7] AndroidManifest.xml:58:27-58
165            </intent-filter>
166        </receiver>
167
168        <service
168-->[com.onesignal:OneSignal:4.6.7] AndroidManifest.xml:62:9-68:19
169            android:name="com.onesignal.HmsMessageServiceOneSignal"
169-->[com.onesignal:OneSignal:4.6.7] AndroidManifest.xml:63:13-68
170            android:exported="false" >
170-->[com.onesignal:OneSignal:4.6.7] AndroidManifest.xml:64:13-37
171            <intent-filter>
171-->[com.onesignal:OneSignal:4.6.7] AndroidManifest.xml:65:13-67:29
172                <action android:name="com.huawei.push.action.MESSAGING_EVENT" />
172-->[com.onesignal:OneSignal:4.6.7] AndroidManifest.xml:66:17-81
172-->[com.onesignal:OneSignal:4.6.7] AndroidManifest.xml:66:25-78
173            </intent-filter>
174        </service>
175
176        <activity
176-->[com.onesignal:OneSignal:4.6.7] AndroidManifest.xml:70:9-78:20
177            android:name="com.onesignal.NotificationOpenedActivityHMS"
177-->[com.onesignal:OneSignal:4.6.7] AndroidManifest.xml:71:13-71
178            android:exported="true"
178-->[com.onesignal:OneSignal:4.6.7] AndroidManifest.xml:72:13-36
179            android:noHistory="true"
179-->[com.onesignal:OneSignal:4.6.7] AndroidManifest.xml:73:13-37
180            android:theme="@android:style/Theme.Translucent.NoTitleBar" >
180-->[com.onesignal:OneSignal:4.6.7] AndroidManifest.xml:74:13-72
181            <intent-filter>
181-->[com.onesignal:OneSignal:4.6.7] AndroidManifest.xml:75:13-77:29
182                <action android:name="android.intent.action.VIEW" />
182-->src/main/AndroidManifest.xml:51:15-67
182-->src/main/AndroidManifest.xml:51:23-64
183            </intent-filter>
184        </activity>
185
186        <service
186-->[com.onesignal:OneSignal:4.6.7] AndroidManifest.xml:80:9-82:40
187            android:name="com.onesignal.FCMIntentService"
187-->[com.onesignal:OneSignal:4.6.7] AndroidManifest.xml:81:13-58
188            android:exported="false" />
188-->[com.onesignal:OneSignal:4.6.7] AndroidManifest.xml:82:13-37
189        <service
189-->[com.onesignal:OneSignal:4.6.7] AndroidManifest.xml:83:9-86:72
190            android:name="com.onesignal.FCMIntentJobService"
190-->[com.onesignal:OneSignal:4.6.7] AndroidManifest.xml:84:13-61
191            android:exported="false"
191-->[com.onesignal:OneSignal:4.6.7] AndroidManifest.xml:85:13-37
192            android:permission="android.permission.BIND_JOB_SERVICE" />
192-->[com.onesignal:OneSignal:4.6.7] AndroidManifest.xml:86:13-69
193        <service
193-->[com.onesignal:OneSignal:4.6.7] AndroidManifest.xml:87:9-90:43
194            android:name="com.onesignal.SyncService"
194-->[com.onesignal:OneSignal:4.6.7] AndroidManifest.xml:88:13-53
195            android:exported="false"
195-->[com.onesignal:OneSignal:4.6.7] AndroidManifest.xml:89:13-37
196            android:stopWithTask="true" />
196-->[com.onesignal:OneSignal:4.6.7] AndroidManifest.xml:90:13-40
197        <service
197-->[com.onesignal:OneSignal:4.6.7] AndroidManifest.xml:91:9-94:72
198            android:name="com.onesignal.SyncJobService"
198-->[com.onesignal:OneSignal:4.6.7] AndroidManifest.xml:92:13-56
199            android:exported="false"
199-->[com.onesignal:OneSignal:4.6.7] AndroidManifest.xml:93:13-37
200            android:permission="android.permission.BIND_JOB_SERVICE" />
200-->[com.onesignal:OneSignal:4.6.7] AndroidManifest.xml:94:13-69
201
202        <activity
202-->[com.onesignal:OneSignal:4.6.7] AndroidManifest.xml:96:9-99:75
203            android:name="com.onesignal.PermissionsActivity"
203-->[com.onesignal:OneSignal:4.6.7] AndroidManifest.xml:97:13-61
204            android:exported="false"
204-->[com.onesignal:OneSignal:4.6.7] AndroidManifest.xml:98:13-37
205            android:theme="@android:style/Theme.Translucent.NoTitleBar" />
205-->[com.onesignal:OneSignal:4.6.7] AndroidManifest.xml:99:13-72
206
207        <receiver
207-->[com.onesignal:OneSignal:4.6.7] AndroidManifest.xml:101:9-103:39
208            android:name="com.onesignal.NotificationDismissReceiver"
208-->[com.onesignal:OneSignal:4.6.7] AndroidManifest.xml:102:13-69
209            android:exported="true" />
209-->[com.onesignal:OneSignal:4.6.7] AndroidManifest.xml:103:13-36
210        <receiver
210-->[com.onesignal:OneSignal:4.6.7] AndroidManifest.xml:104:9-111:20
211            android:name="com.onesignal.BootUpReceiver"
211-->[com.onesignal:OneSignal:4.6.7] AndroidManifest.xml:105:13-56
212            android:exported="true" >
212-->[com.onesignal:OneSignal:4.6.7] AndroidManifest.xml:106:13-36
213            <intent-filter>
213-->[com.onesignal:OneSignal:4.6.7] AndroidManifest.xml:107:13-110:29
214                <action android:name="android.intent.action.BOOT_COMPLETED" />
214-->[com.onesignal:OneSignal:4.6.7] AndroidManifest.xml:108:17-79
214-->[com.onesignal:OneSignal:4.6.7] AndroidManifest.xml:108:25-76
215                <action android:name="android.intent.action.QUICKBOOT_POWERON" />
215-->[com.onesignal:OneSignal:4.6.7] AndroidManifest.xml:109:17-82
215-->[com.onesignal:OneSignal:4.6.7] AndroidManifest.xml:109:25-79
216            </intent-filter>
217        </receiver>
218        <receiver
218-->[com.onesignal:OneSignal:4.6.7] AndroidManifest.xml:112:9-118:20
219            android:name="com.onesignal.UpgradeReceiver"
219-->[com.onesignal:OneSignal:4.6.7] AndroidManifest.xml:113:13-57
220            android:exported="true" >
220-->[com.onesignal:OneSignal:4.6.7] AndroidManifest.xml:114:13-36
221            <intent-filter>
221-->[com.onesignal:OneSignal:4.6.7] AndroidManifest.xml:115:13-117:29
222                <action android:name="android.intent.action.MY_PACKAGE_REPLACED" />
222-->[com.onesignal:OneSignal:4.6.7] AndroidManifest.xml:116:17-84
222-->[com.onesignal:OneSignal:4.6.7] AndroidManifest.xml:116:25-81
223            </intent-filter>
224        </receiver>
225
226        <activity
226-->[com.onesignal:OneSignal:4.6.7] AndroidManifest.xml:120:9-126:75
227            android:name="com.onesignal.NotificationOpenedReceiver"
227-->[com.onesignal:OneSignal:4.6.7] AndroidManifest.xml:121:13-68
228            android:excludeFromRecents="true"
228-->[com.onesignal:OneSignal:4.6.7] AndroidManifest.xml:122:13-46
229            android:exported="true"
229-->[com.onesignal:OneSignal:4.6.7] AndroidManifest.xml:123:13-36
230            android:noHistory="true"
230-->[com.onesignal:OneSignal:4.6.7] AndroidManifest.xml:124:13-37
231            android:taskAffinity=""
231-->[com.onesignal:OneSignal:4.6.7] AndroidManifest.xml:125:13-36
232            android:theme="@android:style/Theme.Translucent.NoTitleBar" />
232-->[com.onesignal:OneSignal:4.6.7] AndroidManifest.xml:126:13-72
233        <activity
233-->[com.onesignal:OneSignal:4.6.7] AndroidManifest.xml:127:9-132:75
234            android:name="com.onesignal.NotificationOpenedReceiverAndroid22AndOlder"
234-->[com.onesignal:OneSignal:4.6.7] AndroidManifest.xml:128:13-85
235            android:excludeFromRecents="true"
235-->[com.onesignal:OneSignal:4.6.7] AndroidManifest.xml:129:13-46
236            android:exported="true"
236-->[com.onesignal:OneSignal:4.6.7] AndroidManifest.xml:130:13-36
237            android:noHistory="true"
237-->[com.onesignal:OneSignal:4.6.7] AndroidManifest.xml:131:13-37
238            android:theme="@android:style/Theme.Translucent.NoTitleBar" />
238-->[com.onesignal:OneSignal:4.6.7] AndroidManifest.xml:132:13-72
239        <activity
239-->[com.karumi:dexter:5.0.0] AndroidManifest.xml:27:9-29:72
240            android:name="com.karumi.dexter.DexterActivity"
240-->[com.karumi:dexter:5.0.0] AndroidManifest.xml:28:13-60
241            android:theme="@style/Dexter.Internal.Theme.Transparent" /> <!-- The activities will be merged into the manifest of the hosting app. -->
241-->[com.karumi:dexter:5.0.0] AndroidManifest.xml:29:13-69
242        <activity
242-->[com.google.android.play:core:1.10.0] AndroidManifest.xml:12:5-271
243            android:name="com.google.android.play.core.missingsplits.PlayCoreMissingSplitsActivity"
243-->[com.google.android.play:core:1.10.0] AndroidManifest.xml:12:15-102
244            android:enabled="false"
244-->[com.google.android.play:core:1.10.0] AndroidManifest.xml:12:103-126
245            android:exported="false"
245-->[com.google.android.play:core:1.10.0] AndroidManifest.xml:12:127-151
246            android:launchMode="singleInstance"
246-->[com.google.android.play:core:1.10.0] AndroidManifest.xml:12:204-239
247            android:process=":playcore_missing_splits_activity"
247-->[com.google.android.play:core:1.10.0] AndroidManifest.xml:12:152-203
248            android:stateNotNeeded="true" />
248-->[com.google.android.play:core:1.10.0] AndroidManifest.xml:12:240-269
249        <activity
249-->[com.google.android.play:core:1.10.0] AndroidManifest.xml:13:5-226
250            android:name="com.google.android.play.core.common.PlayCoreDialogWrapperActivity"
250-->[com.google.android.play:core:1.10.0] AndroidManifest.xml:13:15-95
251            android:enabled="false"
251-->[com.google.android.play:core:1.10.0] AndroidManifest.xml:13:96-119
252            android:exported="false"
252-->[com.google.android.play:core:1.10.0] AndroidManifest.xml:13:120-144
253            android:stateNotNeeded="true"
253-->[com.google.android.play:core:1.10.0] AndroidManifest.xml:13:145-174
254            android:theme="@style/Theme.PlayCore.Transparent" /> <!-- The services will be merged into the manifest of the hosting app. -->
254-->[com.google.android.play:core:1.10.0] AndroidManifest.xml:13:175-224
255        <service
255-->[com.google.android.play:core:1.10.0] AndroidManifest.xml:16:5-18:15
256            android:name="com.google.android.play.core.assetpacks.AssetPackExtractionService"
256-->[com.google.android.play:core:1.10.0] AndroidManifest.xml:16:14-95
257            android:enabled="false"
257-->[com.google.android.play:core:1.10.0] AndroidManifest.xml:16:96-119
258            android:exported="true" >
258-->[com.google.android.play:core:1.10.0] AndroidManifest.xml:16:120-143
259            <meta-data
259-->[com.google.android.play:core:1.10.0] AndroidManifest.xml:17:7-108
260                android:name="com.google.android.play.core.assetpacks.versionCode"
260-->[com.google.android.play:core:1.10.0] AndroidManifest.xml:17:18-84
261                android:value="11000" />
261-->[com.google.android.play:core:1.10.0] AndroidManifest.xml:17:85-106
262        </service>
263        <service
263-->[com.google.android.play:core:1.10.0] AndroidManifest.xml:19:5-147
264            android:name="com.google.android.play.core.assetpacks.ExtractionForegroundService"
264-->[com.google.android.play:core:1.10.0] AndroidManifest.xml:19:14-96
265            android:enabled="false"
265-->[com.google.android.play:core:1.10.0] AndroidManifest.xml:19:97-120
266            android:exported="false" />
266-->[com.google.android.play:core:1.10.0] AndroidManifest.xml:19:121-145
267
268        <receiver
268-->[com.google.firebase:firebase-messaging:23.0.0] AndroidManifest.xml:28:9-35:20
269            android:name="com.google.firebase.iid.FirebaseInstanceIdReceiver"
269-->[com.google.firebase:firebase-messaging:23.0.0] AndroidManifest.xml:29:13-78
270            android:exported="true"
270-->[com.google.firebase:firebase-messaging:23.0.0] AndroidManifest.xml:30:13-36
271            android:permission="com.google.android.c2dm.permission.SEND" >
271-->[com.google.firebase:firebase-messaging:23.0.0] AndroidManifest.xml:31:13-73